{
  "stats": {
    "suites": 1,
    "tests": 0,
    "passes": 0,
    "pending": 0,
    "failures": 0,
    "start": "2025-09-14T18:31:13.852Z",
    "end": "2025-09-14T18:31:26.521Z",
    "duration": 12669,
    "testsRegistered": 1,
    "passPercent": 0,
    "pendingPercent": 0,
    "other": 2,
    "hasOther": true,
    "skipped": 0,
    "hasSkipped": false
  },
  "results": [
    {
      "uuid": "f5371be3-15b2-40e8-a730-0783ef622e7c",
      "title": "",
      "fullFile": "cypress/e2e/10-post-sales-add-to-quote.cy.ts",
      "file": "cypress/e2e/10-post-sales-add-to-quote.cy.ts",
      "beforeHooks": [],
      "afterHooks": [],
      "tests": [],
      "suites": [
        {
          "uuid": "f2dffde7-9d2c-490e-83d8-68ee09e8cdb5",
          "title": "Postventa – Add to Quote (chips)",
          "fullFile": "",
          "file": "",
          "beforeHooks": [],
          "afterHooks": [],
          "tests": [
            {
              "title": "shows add-to-quote action in wizard summary when flag enabled",
              "fullTitle": "Postventa – Add to Quote (chips) shows add-to-quote action in wizard summary when flag enabled",
              "timedOut": null,
              "duration": 1229,
              "state": "failed",
              "speed": null,
              "pass": false,
              "fail": true,
              "pending": false,
              "context": "{\n  \"title\": \"cypress-mochawesome-reporter-videos-failed\",\n  \"value\": \"cypress/e2e/10-post-sales-add-to-quote.cy.ts\"\n}",
              "code": "cy.visit('/postventa/wizard');\ncy.contains('button', 'Iniciar').click();\n// Button is gated by feature flag; if missing, skip with informative check\ncy.get('body').then($b => {\n    const btn = $b.find('button:contains(\"Agregar a cotización\")');\n    if (btn.length === 0) {\n        cy.log('Add-to-quote flag disabled in this build');\n        return;\n    }\n    cy.contains('button', 'Agregar a cotización').click();\n    cy.contains('Agregado a cotización').should('be.visible');\n});",
              "err": {
                "message": "CypressError: `cy.task('coverageReport')` failed with the following error:\n\n> Command failed with exit code 1: npm run coverage:report\n\nhttps://on.cypress.io/api/task\n\nBecause this error occurred during a `after all` hook we are skipping all of the remaining tests.\n\nAlthough you have test retries enabled, we do not retry tests when `before all` or `after all` hooks fail",
                "estack": "CypressError: `cy.task('coverageReport')` failed with the following error:\n\n> Command failed with exit code 1: npm run coverage:report\n\nhttps://on.cypress.io/api/task\n\nBecause this error occurred during a `after all` hook we are skipping all of the remaining tests.\n\nAlthough you have test retries enabled, we do not retry tests when `before all` or `after all` hooks fail\n    at <unknown> (http://localhost:4200/__cypress/runner/cypress_runner.js:138627:70)\n    at tryCatcher (http://localhost:4200/__cypress/runner/cypress_runner.js:1777:23)\n    at Promise._settlePromiseFromHandler (http://localhost:4200/__cypress/runner/cypress_runner.js:1489:31)\n    at Promise._settlePromise (http://localhost:4200/__cypress/runner/cypress_runner.js:1546:18)\n    at Promise._settlePromise0 (http://localhost:4200/__cypress/runner/cypress_runner.js:1591:10)\n    at Promise._settlePromises (http://localhost:4200/__cypress/runner/cypress_runner.js:1667:18)\n    at _drainQueueStep (http://localhost:4200/__cypress/runner/cypress_runner.js:2377:12)\n    at _drainQueue (http://localhost:4200/__cypress/runner/cypress_runner.js:2370:9)\n    at Async._drainQueues (http://localhost:4200/__cypress/runner/cypress_runner.js:2386:5)\n    at Async.drainQueues (http://localhost:4200/__cypress/runner/cypress_runner.js:2256:14)\nFrom Your Spec Code:\n    at Object.proxyGetter [as get] (http://localhost:4200/__cypress/runner/cypress_runner.js:80426:22)\n    at exists (http://localhost:4200/__cypress/runner/cypress_runner.js:146470:26)\n    at elExists (http://localhost:4200/__cypress/runner/cypress_runner.js:146485:10)\n    at ensureExistence (http://localhost:4200/__cypress/runner/cypress_runner.js:146666:22)\n    at onFailFn (http://localhost:4200/__cypress/runner/cypress_runner.js:146695:53)\n\nFrom Node.js Internals:\n  Error: Command failed with exit code 1: npm run coverage:report\n      at makeError (/workspace/node_modules/@cypress/code-coverage/node_modules/execa/lib/error.js:59:11)\n      at handlePromise (/workspace/node_modules/@cypress/code-coverage/node_modules/execa/index.js:114:26)\n      at process.processTicksAndRejections (node:internal/process/task_queues:105:5)",
                "diff": null
              },
              "uuid": "f0b25732-28b3-4485-83f8-5f13166dce8a",
              "parentUUID": "f2dffde7-9d2c-490e-83d8-68ee09e8cdb5",
              "isHook": false,
              "skipped": false
            }
          ],
          "suites": [],
          "passes": [],
          "failures": [
            "f0b25732-28b3-4485-83f8-5f13166dce8a"
          ],
          "pending": [],
          "skipped": [],
          "duration": 1229,
          "root": false,
          "rootEmpty": false,
          "_timeout": 2000
        }
      ],
      "passes": [],
      "failures": [],
      "pending": [],
      "skipped": [],
      "duration": 0,
      "root": true,
      "rootEmpty": true,
      "_timeout": 2000
    }
  ],
  "meta": {
    "mocha": {
      "version": "7.2.0"
    },
    "mochawesome": {
      "options": {
        "quiet": false,
        "reportFilename": "mochawesome",
        "saveHtml": false,
        "saveJson": true,
        "consoleReporter": "spec",
        "useInlineDiffs": false,
        "code": true
      },
      "version": "7.1.3"
    },
    "marge": {
      "options": {
        "id": "default",
        "charts": true,
        "reportPageTitle": "Conductores PWA E2E Tests",
        "embeddedScreenshots": true,
        "inlineAssets": true,
        "saveAllAttempts": false,
        "reportDir": "cypress/reports/html/.jsons",
        "overwrite": false,
        "html": false,
        "json": true
      },
      "version": "6.2.0"
    }
  }
}